0 info it worked if it ends with ok
1 verbose cli [ '/usr/local/bin/node', '/usr/local/bin/npm', 'run', 'build2' ]
2 info using npm@3.9.0
3 info using node@v4.4.0
4 verbose run-script [ 'prebuild2', 'build2', 'postbuild2' ]
5 info lifecycle meteor-abac@1.0.0~prebuild2: meteor-abac@1.0.0
6 silly lifecycle meteor-abac@1.0.0~prebuild2: no script for prebuild2, continuing
7 info lifecycle meteor-abac@1.0.0~build2: meteor-abac@1.0.0
8 verbose lifecycle meteor-abac@1.0.0~build2: unsafe-perm in lifecycle true
9 verbose lifecycle meteor-abac@1.0.0~build2: PATH: /usr/local/lib/node_modules/npm/bin/node-gyp-bin:/Users/khangnlh/mine/meteor-abac/node_modules/.bin:/usr/local/bin:/usr/local/bin:/usr/bin:/bin:/usr/sbin:/sbin:/opt/X11/bin
10 verbose lifecycle meteor-abac@1.0.0~build2: CWD: /Users/khangnlh/mine/meteor-abac
11 silly lifecycle meteor-abac@1.0.0~build2: Args: [ '-c',
11 silly lifecycle   'nodemon src/* --exec babel babel-preset-es2015 --out-dir dist' ]
12 silly lifecycle meteor-abac@1.0.0~build2: Returned: code: 1  signal: null
13 info lifecycle meteor-abac@1.0.0~build2: Failed to exec build2 script
14 verbose stack Error: meteor-abac@1.0.0 build2: `nodemon src/* --exec babel babel-preset-es2015 --out-dir dist`
14 verbose stack Exit status 1
14 verbose stack     at EventEmitter.<anonymous> (/usr/local/lib/node_modules/npm/lib/utils/lifecycle.js:245:16)
14 verbose stack     at emitTwo (events.js:87:13)
14 verbose stack     at EventEmitter.emit (events.js:172:7)
14 verbose stack     at ChildProcess.<anonymous> (/usr/local/lib/node_modules/npm/lib/utils/spawn.js:24:14)
14 verbose stack     at emitTwo (events.js:87:13)
14 verbose stack     at ChildProcess.emit (events.js:172:7)
14 verbose stack     at maybeClose (internal/child_process.js:827:16)
14 verbose stack     at Process.ChildProcess._handle.onexit (internal/child_process.js:211:5)
15 verbose pkgid meteor-abac@1.0.0
16 verbose cwd /Users/khangnlh/mine/meteor-abac
17 error Darwin 15.6.0
18 error argv "/usr/local/bin/node" "/usr/local/bin/npm" "run" "build2"
19 error node v4.4.0
20 error npm  v3.9.0
21 error code ELIFECYCLE
22 error meteor-abac@1.0.0 build2: `nodemon src/* --exec babel babel-preset-es2015 --out-dir dist`
22 error Exit status 1
23 error Failed at the meteor-abac@1.0.0 build2 script 'nodemon src/* --exec babel babel-preset-es2015 --out-dir dist'.
23 error Make sure you have the latest version of node.js and npm installed.
23 error If you do, this is most likely a problem with the meteor-abac package,
23 error not with npm itself.
23 error Tell the author that this fails on your system:
23 error     nodemon src/* --exec babel babel-preset-es2015 --out-dir dist
23 error You can get information on how to open an issue for this project with:
23 error     npm bugs meteor-abac
23 error Or if that isn't available, you can get their info via:
23 error     npm owner ls meteor-abac
23 error There is likely additional logging output above.
24 verbose exit [ 1, true ]
